<?xml version="1.0" encoding="UTF-8"?>
<!-- Generated by org.testng.reporters.JUnitXMLReporter -->
<testsuite ignored="1" hostname="Macs-MacBook-Pro.local" failures="0" tests="1" name="Default test" time="14.929" errors="0" timestamp="2025-12-14T02:28:32 IST">
  <testcase classname="com.robust.tests.web.HomeTests" name="verifyLoginPageLoaded" time="1.29"/>
  <testcase classname="com.robust.tests.web.HomeTests" name="verifyHomePageLoaded" time="0.0">
    <ignored/>
  </testcase> <!-- verifyHomePageLoaded -->
</testsuite> <!-- Default test -->
