<?xml version="1.0" encoding="UTF-8"?>
<!-- Generated by org.testng.reporters.JUnitXMLReporter -->
<testsuite ignored="1" hostname="Macs-MacBook-Pro.local" failures="0" tests="1" name="Login Page Smoke Test" time="12.873" errors="0" timestamp="2025-12-14T03:05:51 IST">
  <testcase classname="com.robust.tests.web.LoginTests" name="verifyLoginPageLoaded" time="1.074"/>
  <testcase classname="com.robust.tests.web.LoginTests" name="verifyHomePageLoaded" time="0.0">
    <ignored/>
  </testcase> <!-- verifyHomePageLoaded -->
</testsuite> <!-- Login Page Smoke Test -->
