<?xml version="1.0" encoding="UTF-8"?>
<testng-results ignored="1" total="4" passed="2" failed="1" skipped="0">
  <reporter-output>
  </reporter-output>
  <suite started-at="2025-12-14T03:08:10 IST" name="Web Test Suite" finished-at="2025-12-14T03:08:39 IST" duration-ms="28784">
    <groups>
    </groups>
    <test started-at="2025-12-14T03:08:10 IST" name="Web Smoke Tests" finished-at="2025-12-14T03:08:39 IST" duration-ms="28784">
      <class name="com.robust.tests.web.LoginTests">
        <test-method is-config="true" signature="setUp()[pri:0, instance:com.robust.tests.web.LoginTests@6b3e12b5]" started-at="2025-12-14T03:08:23 IST" name="setUp" finished-at="2025-12-14T03:08:37 IST" duration-ms="13935" status="PASS">
          <reporter-output>
          </reporter-output>
        </test-method> <!-- setUp -->
        <test-method signature="verifyLoginPageLoaded()[pri:0, instance:com.robust.tests.web.LoginTests@6b3e12b5]" started-at="2025-12-14T03:08:37 IST" name="verifyLoginPageLoaded" description="Verify Login Page loads successfully" finished-at="2025-12-14T03:08:38 IST" duration-ms="1390" status="PASS">
          <reporter-output>
          </reporter-output>
        </test-method> <!-- verifyLoginPageLoaded -->
        <test-method is-config="true" signature="tearDown()[pri:0, instance:com.robust.tests.web.LoginTests@6b3e12b5]" started-at="2025-12-14T03:08:38 IST" name="tearDown" finished-at="2025-12-14T03:08:39 IST" duration-ms="175" status="PASS">
          <reporter-output>
          </reporter-output>
        </test-method> <!-- tearDown -->
      </class> <!-- com.robust.tests.web.LoginTests -->
      <class name="com.robust.tests.web.HomeTests">
        <test-method is-config="true" signature="setUp()[pri:0, instance:com.robust.tests.web.HomeTests@35d08e6c]" started-at="2025-12-14T03:08:10 IST" name="setUp" finished-at="2025-12-14T03:08:21 IST" duration-ms="11412" status="PASS">
          <reporter-output>
          </reporter-output>
        </test-method> <!-- setUp -->
        <test-method signature="verifyHomePageLoaded()[pri:0, instance:com.robust.tests.web.HomeTests@35d08e6c]" started-at="2025-12-14T03:08:21 IST" name="verifyHomePageLoaded" description="Verify Home Page loads successfully" finished-at="2025-12-14T03:08:22 IST" duration-ms="1035" status="PASS">
          <reporter-output>
          </reporter-output>
        </test-method> <!-- verifyHomePageLoaded -->
        <test-method signature="verifyLoginPageLoaded()[pri:0, instance:com.robust.tests.web.HomeTests@35d08e6c]" started-at="2025-12-14T03:08:22 IST" name="verifyLoginPageLoaded" description="Verify Login Page loads successfully" finished-at="2025-12-14T03:08:22 IST" duration-ms="22" status="FAIL">
          <exception class="org.openqa.selenium.NoSuchElementException">
            <message>
              <![CDATA[no such element: Unable to locate element: {"method":"xpath","selector":"//a[normalize-space()='Contact the Experts']"}
  (Session info: chrome=143.0.7499.42)
For documentation on this error, please visit: https://www.selenium.dev/documentation/webdriver/troubleshooting/errors#no-such-element-exception
Build info: version: '4.25.0', revision: '8a8aea2337'
System info: os.name: 'Mac OS X', os.arch: 'x86_64', os.version: '15.7.2', java.version: '21.0.8'
Driver info: org.openqa.selenium.chrome.ChromeDriver
Command: [e5447dee33700e060ed58cff8087d7f7, findElement {value=//a[normalize-space()='Contact the Experts'], using=xpath}]
Capabilities {acceptInsecureCerts: false, browserName: chrome, browserVersion: 143.0.7499.42, chrome: {chromedriverVersion: 143.0.7499.42 (24bdc8c48a0c..., userDataDir: /var/folders/nf/092y76j15pv...}, fedcm:accounts: true, goog:chromeOptions: {debuggerAddress: localhost:51898}, goog:processID: 2625, networkConnectionEnabled: false, pageLoadStrategy: normal, platformName: mac, proxy: Proxy(), se:cdp: ws://localhost:51898/devtoo..., se:cdpVersion: 143.0.7499.42, setWindowRect: true, strictFileInteractability: false, timeouts: {implicit: 0, pageLoad: 300000, script: 30000}, unhandledPromptBehavior: dismiss and notify, webauthn:extension:credBlob: true, webauthn:extension:largeBlob: true, webauthn:extension:minPinLength: true, webauthn:extension:prf: true, webauthn:virtualAuthenticators: true}
Session ID: e5447dee33700e060ed58cff8087d7f7]]>
            </message>
            <full-stacktrace>
              <![CDATA[org.openqa.selenium.NoSuchElementException: no such element: Unable to locate element: {"method":"xpath","selector":"//a[normalize-space()='Contact the Experts']"}
  (Session info: chrome=143.0.7499.42)
For documentation on this error, please visit: https://www.selenium.dev/documentation/webdriver/troubleshooting/errors#no-such-element-exception
Build info: version: '4.25.0', revision: '8a8aea2337'
System info: os.name: 'Mac OS X', os.arch: 'x86_64', os.version: '15.7.2', java.version: '21.0.8'
Driver info: org.openqa.selenium.chrome.ChromeDriver
Command: [e5447dee33700e060ed58cff8087d7f7, findElement {value=//a[normalize-space()='Contact the Experts'], using=xpath}]
Capabilities {acceptInsecureCerts: false, browserName: chrome, browserVersion: 143.0.7499.42, chrome: {chromedriverVersion: 143.0.7499.42 (24bdc8c48a0c..., userDataDir: /var/folders/nf/092y76j15pv...}, fedcm:accounts: true, goog:chromeOptions: {debuggerAddress: localhost:51898}, goog:processID: 2625, networkConnectionEnabled: false, pageLoadStrategy: normal, platformName: mac, proxy: Proxy(), se:cdp: ws://localhost:51898/devtoo..., se:cdpVersion: 143.0.7499.42, setWindowRect: true, strictFileInteractability: false, timeouts: {implicit: 0, pageLoad: 300000, script: 30000}, unhandledPromptBehavior: dismiss and notify, webauthn:extension:credBlob: true, webauthn:extension:largeBlob: true, webauthn:extension:minPinLength: true, webauthn:extension:prf: true, webauthn:virtualAuthenticators: true}
Session ID: e5447dee33700e060ed58cff8087d7f7
at java.base/jdk.internal.reflect.DirectConstructorHandleAccessor.newInstance(DirectConstructorHandleAccessor.java:62)
at java.base/java.lang.reflect.Constructor.newInstanceWithCaller(Constructor.java:502)
at java.base/java.lang.reflect.Constructor.newInstance(Constructor.java:486)
at org.openqa.selenium.remote.ErrorCodec.decode(ErrorCodec.java:167)
at org.openqa.selenium.remote.codec.w3c.W3CHttpResponseCodec.decode(W3CHttpResponseCodec.java:138)
at org.openqa.selenium.remote.codec.w3c.W3CHttpResponseCodec.decode(W3CHttpResponseCodec.java:50)
at org.openqa.selenium.remote.HttpCommandExecutor.execute(HttpCommandExecutor.java:190)
at org.openqa.selenium.remote.service.DriverCommandExecutor.invokeExecute(DriverCommandExecutor.java:216)
at org.openqa.selenium.remote.service.DriverCommandExecutor.execute(DriverCommandExecutor.java:174)
at org.openqa.selenium.remote.RemoteWebDriver.execute(RemoteWebDriver.java:545)
at org.openqa.selenium.remote.ElementLocation$ElementFinder$2.findElement(ElementLocation.java:165)
at org.openqa.selenium.remote.ElementLocation.findElement(ElementLocation.java:59)
at org.openqa.selenium.remote.RemoteWebDriver.findElement(RemoteWebDriver.java:368)
at org.openqa.selenium.remote.RemoteWebDriver.findElement(RemoteWebDriver.java:362)
at org.openqa.selenium.support.pagefactory.DefaultElementLocator.findElement(DefaultElementLocator.java:68)
at org.openqa.selenium.support.pagefactory.internal.LocatingElementHandler.invoke(LocatingElementHandler.java:38)
at jdk.proxy2/jdk.proxy2.$Proxy26.click(Unknown Source)
at com.robust.pages.web.HomePage.enterContactExpertsButton(HomePage.java:53)
at com.robust.tests.web.HomeTests.verifyLoginPageLoaded(HomeTests.java:26)
at java.base/jdk.internal.reflect.DirectMethodHandleAccessor.invoke(DirectMethodHandleAccessor.java:103)
at java.base/java.lang.reflect.Method.invoke(Method.java:580)
at org.testng.internal.invokers.MethodInvocationHelper.invokeMethod(MethodInvocationHelper.java:141)
at org.testng.internal.invokers.TestInvoker.invokeMethod(TestInvoker.java:687)
at org.testng.internal.invokers.TestInvoker.invokeTestMethod(TestInvoker.java:230)
at org.testng.internal.invokers.MethodRunner.runInSequence(MethodRunner.java:63)
at org.testng.internal.invokers.TestInvoker$MethodInvocationAgent.invoke(TestInvoker.java:995)
at org.testng.internal.invokers.TestInvoker.invokeTestMethods(TestInvoker.java:203)
at org.testng.internal.invokers.TestMethodWorker.invokeTestMethods(TestMethodWorker.java:154)
at org.testng.internal.invokers.TestMethodWorker.run(TestMethodWorker.java:134)
at java.base/java.util.ArrayList.forEach(ArrayList.java:1596)
at org.testng.TestRunner.privateRun(TestRunner.java:741)
at org.testng.TestRunner.run(TestRunner.java:616)
at org.testng.SuiteRunner.runTest(SuiteRunner.java:421)
at org.testng.SuiteRunner.runSequentially(SuiteRunner.java:413)
at org.testng.SuiteRunner.privateRun(SuiteRunner.java:373)
at org.testng.SuiteRunner.run(SuiteRunner.java:312)
at org.testng.SuiteRunnerWorker.runSuite(SuiteRunnerWorker.java:52)
at org.testng.SuiteRunnerWorker.run(SuiteRunnerWorker.java:95)
at org.testng.TestNG.runSuitesSequentially(TestNG.java:1274)
at org.testng.TestNG.runSuitesLocally(TestNG.java:1208)
at org.testng.TestNG.runSuites(TestNG.java:1112)
at org.testng.TestNG.run(TestNG.java:1079)
at org.testng.remote.AbstractRemoteTestNG.run(AbstractRemoteTestNG.java:115)
at org.testng.remote.RemoteTestNG.initAndRun(RemoteTestNG.java:293)
at org.testng.remote.RemoteTestNG.main(RemoteTestNG.java:91)
]]>
            </full-stacktrace>
          </exception> <!-- org.openqa.selenium.NoSuchElementException -->
          <reporter-output>
          </reporter-output>
        </test-method> <!-- verifyLoginPageLoaded -->
        <test-method is-config="true" signature="tearDown()[pri:0, instance:com.robust.tests.web.HomeTests@35d08e6c]" started-at="2025-12-14T03:08:23 IST" name="tearDown" finished-at="2025-12-14T03:08:23 IST" duration-ms="243" status="PASS">
          <reporter-output>
          </reporter-output>
        </test-method> <!-- tearDown -->
      </class> <!-- com.robust.tests.web.HomeTests -->
    </test> <!-- Web Smoke Tests -->
  </suite> <!-- Web Test Suite -->
</testng-results>
